<?xml version="1.0" encoding="UTF-8"?>
<testng-results skipped="0" failed="0" ignored="0" total="2" passed="2">
  <reporter-output>
  </reporter-output>
  <suite name="Default suite" duration-ms="2976" started-at="2019-01-03T11:46:46Z" finished-at="2019-01-03T11:46:49Z">
    <groups>
    </groups>
    <test name="Default test" duration-ms="2976" started-at="2019-01-03T11:46:46Z" finished-at="2019-01-03T11:46:49Z">
      <class name="auto.RestAssuredAutomation.Basics">
        <test-method status="PASS" signature="testResponseContentType()[pri:0, instance:auto.RestAssuredAutomation.Basics@5622fdf]" name="testResponseContentType" duration-ms="2618" started-at="2019-01-03T11:46:46Z" finished-at="2019-01-03T11:46:48Z">
          <reporter-output>
          </reporter-output>
        </test-method> <!-- testResponseContentType -->
        <test-method status="PASS" signature="testStatus200()[pri:0, instance:auto.RestAssuredAutomation.Basics@5622fdf]" name="testStatus200" duration-ms="315" started-at="2019-01-03T11:46:48Z" finished-at="2019-01-03T11:46:49Z">
          <reporter-output>
          </reporter-output>
        </test-method> <!-- testStatus200 -->
      </class> <!-- auto.RestAssuredAutomation.Basics -->
    </test> <!-- Default test -->
  </suite> <!-- Default suite -->
</testng-results>
